::::::::::::::::::::::::::::::::
mkst: outbits.st
::::::::::::::::::::::::::::::::
«Hello, World!»
2×2=4
::::::::::Exit status 0
::::::::::::::::::::::::::::::::
mkst: outbits.st | od -c
::::::::::::::::::::::::::::::::
0000000   «   H   e   l   l   o   ,       W   o   r   l   d   !   »  \n
0000020   2   ×   2   =   4  \n
0000026
::::::::::Exit status 0
::::::::::::::::::::::::::::::::
mkst: outbits.st /tmp/outbits.tmp
::::::::::::::::::::::::::::::::
::::::::::Exit status 0
::::::::::::::::::::::::::::::::
mkst: cat -n /tmp/outbits.tmp
::::::::::::::::::::::::::::::::
     1	«Hello, World!»
     2	2×2=4
::::::::::Exit status 0
::::::::::::::::::::::::::::::::
mkst: od -c /tmp/outbits.tmp
::::::::::::::::::::::::::::::::
0000000   «   H   e   l   l   o   ,       W   o   r   l   d   !   »  \n
0000020   2   ×   2   =   4  \n
0000026
::::::::::Exit status 0
::::::::::::::::::::::::::::::::
mkst: binarydump/binarydump /tmp/outbits.tmp
::::::::::::::::::::::::::::::::
/tmp/outbits.tmp:
   0 10101011 01001000 01100101 01101100
     253 AB   110 48 H 145 65 e 154 6C l
   4 01101100 01101111 00101100 00100000
     154 6C l 157 6F o 054 2C , 040 20  
   8 01010111 01101111 01110010 01101100
     127 57 W 157 6F o 162 72 r 154 6C l
  12 01100100 00100001 10111011 00001010
     144 64 d 041 21 ! 273 BB   012 0A  
  16 00110010 11010111 00110010 00111101
     062 32 2 327 D7   062 32 2 075 3D =
  20 00110100 00001010
     064 34 4 012 0A  
  22
::::::::::Exit status 0
::::::::::::::::::::::::::::::::
mkst: binarydump/hexadecimaldump /tmp/outbits.tmp
::::::::::::::::::::::::::::::::
/tmp/outbits.tmp:
   0 AB48656C 6C6F2C20 576F726C 6421BB0A |.Hello, World!..|
  16 32D7323D 340A                       |2.2=4.          |
::::::::::Exit status 0
